usage: ssh [-1246AaCfgKkMNnqsTtVvXxYy] [-b bind_address] [-c cipher_spec]
           [-D [bind_address:]port] [-e escape_char] [-F configfile]
           [-I pkcs11] [-i identity_file]
           [-L [bind_address:]port:host:hostport]
           [-l login_name] [-m mac_spec] [-O ctl_cmd] [-o option] [-p port]
           [-R [bind_address:]port:host:hostport] [-S ctl_path]
           [-W host:port] [-w local_tun[:remote_tun]]
           [user@]hostname [command]
Password:
Last login: Sat Apr 27 16:34:39 2013
[1m[7m%[m[1m[m                                                                                ]0;A12553@PC-8181[m[m[m[J[37mPC-8181 [36mA12553% [00m[K[60C[32m[~][00m[63DPassword:
Desktop
Documents
Downloads
Library
Movies
Music
Pictures
Public
akka_whiteboard
cakephp
edy.pem
edy_singapore.pem
history.bak
octokick
target
Password:
Desktop
Documents
Downloads
Library
Movies
Music
Pictures
Public
akka_whiteboard
cakephp
edy.pem
edy_singapore.pem
history.bak
octokick
target
